18:34:06: Creating resource group General
18:34:06: Creating resource group Internal
18:34:06: Creating resource group Autodetect
18:34:06: SceneManagerFactory for type 'DefaultSceneManager' registered.
18:34:06: Registering ResourceManager for type Material
18:34:06: Registering ResourceManager for type Mesh
18:34:06: Registering ResourceManager for type Skeleton
18:34:06: MovableObjectFactory for type 'ParticleSystem' registered.
18:34:06: OverlayElementFactory for type Panel registered.
18:34:06: OverlayElementFactory for type BorderPanel registered.
18:34:06: OverlayElementFactory for type TextArea registered.
18:34:06: Registering ResourceManager for type Font
18:34:06: ArchiveFactory for archive type FileSystem registered.
18:34:06: ArchiveFactory for archive type Zip registered.
18:34:06: DDS codec registering
18:34:06: FreeImage version: 3.13.1
18:34:06: This program uses FreeImage, a free, open source image library supporting all common bitmap formats. See http://freeimage.sourceforge.net for details
18:34:06: Supported formats: bmp,ico,jpg,jif,jpeg,jpe,jng,koa,iff,lbm,mng,pbm,pbm,pcd,pcx,pgm,pgm,png,ppm,ppm,ras,tga,targa,tif,tiff,wap,wbmp,wbm,psd,cut,xbm,xpm,gif,hdr,g3,sgi,exr,j2k,j2c,jp2,pfm,pct,pict,pic,bay,bmq,cr2,crw,cs1,dc2,dcr,dng,erf,fff,hdr,k25,kdc,mdc,mos,mrw,nef,orf,pef,pxn,raf,raw,rdc,sr2,srf,arw,3fr,cine,ia,kc2,mef,nrw,qtk,rw2,sti,drf,dsc,ptx,cap,iiq,rwz
18:34:06: Registering ResourceManager for type HighLevelGpuProgram
18:34:06: Registering ResourceManager for type Compositor
18:34:06: MovableObjectFactory for type 'Entity' registered.
18:34:06: MovableObjectFactory for type 'Light' registered.
18:34:06: MovableObjectFactory for type 'BillboardSet' registered.
18:34:06: MovableObjectFactory for type 'ManualObject' registered.
18:34:06: MovableObjectFactory for type 'BillboardChain' registered.
18:34:06: MovableObjectFactory for type 'RibbonTrail' registered.
18:34:06: Loading library .\RenderSystem_Direct3D9
18:34:06: Installing plugin: D3D9 RenderSystem
18:34:06: D3D9 : Direct3D9 Rendering Subsystem created.
18:34:06: D3D9: Driver Detection Starts
18:34:06: D3D9: Driver Detection Ends
18:34:06: Plugin successfully installed
18:34:06: Loading library .\RenderSystem_GL
18:34:06: Installing plugin: GL RenderSystem
18:34:06: OpenGL Rendering Subsystem created.
18:34:08: Plugin successfully installed
18:34:08: Loading library .\Plugin_ParticleFX
18:34:08: Installing plugin: ParticleFX
18:34:08: Particle Emitter Type 'Point' registered
18:34:08: Particle Emitter Type 'Box' registered
18:34:08: Particle Emitter Type 'Ellipsoid' registered
18:34:08: Particle Emitter Type 'Cylinder' registered
18:34:08: Particle Emitter Type 'Ring' registered
18:34:08: Particle Emitter Type 'HollowEllipsoid' registered
18:34:08: Particle Affector Type 'LinearForce' registered
18:34:08: Particle Affector Type 'ColourFader' registered
18:34:08: Particle Affector Type 'ColourFader2' registered
18:34:08: Particle Affector Type 'ColourImage' registered
18:34:08: Particle Affector Type 'ColourInterpolator' registered
18:34:08: Particle Affector Type 'Scaler' registered
18:34:08: Particle Affector Type 'Rotator' registered
18:34:08: Particle Affector Type 'DirectionRandomiser' registered
18:34:08: Particle Affector Type 'DeflectorPlane' registered
18:34:08: Plugin successfully installed
18:34:08: Loading library .\Plugin_BSPSceneManager
18:34:08: Installing plugin: BSP Scene Manager
18:34:08: Plugin successfully installed
18:34:08: Loading library .\Plugin_CgProgramManager
18:34:08: Installing plugin: Cg Program Manager
18:34:08: Plugin successfully installed
18:34:08: Loading library .\Plugin_PCZSceneManager
18:34:08: Installing plugin: Portal Connected Zone Scene Manager
18:34:08: PCZone Factory Type 'ZoneType_Default' registered
18:34:08: Plugin successfully installed
18:34:08: Loading library .\Plugin_OctreeZone
18:34:08: Installing plugin: Octree Zone Factory
18:34:08: Plugin successfully installed
18:34:08: Loading library .\Plugin_OctreeSceneManager
18:34:09: Installing plugin: Octree & Terrain Scene Manager
18:34:09: Plugin successfully installed
18:34:09: *-*-* OGRE Initialising
18:34:09: *-*-* Version 1.7.2 (Cthugha)
18:34:09: CPU Identifier & Features
18:34:09: -------------------------
18:34:09:  *   CPU ID: GenuineIntel: Intel(R) Core(TM) i7 CPU         930  @ 2.80GHz
18:34:09:  *      SSE: yes
18:34:09:  *     SSE2: yes
18:34:09:  *     SSE3: yes
18:34:09:  *      MMX: yes
18:34:09:  *   MMXEXT: yes
18:34:09:  *    3DNOW: no
18:34:09:  * 3DNOWEXT: no
18:34:09:  *     CMOV: yes
18:34:09:  *      TSC: yes
18:34:09:  *      FPU: yes
18:34:09:  *      PRO: yes
18:34:09:  *       HT: no
18:34:09: -------------------------
18:34:09: *** Starting Win32GL Subsystem ***
18:34:09: Added resource location './' of type 'FileSystem' to resource group 'General'
18:34:09: Added resource location 'OtherMeshes/' of type 'FileSystem' to resource group 'General'
18:34:09: Added resource location 'Saxon/' of type 'FileSystem' to resource group 'General'
18:34:09: Added resource location 'Argus/' of type 'FileSystem' to resource group 'General'
18:34:09: Added resource location 'media/' of type 'FileSystem' to resource group 'General'
18:34:09: GLRenderSystem::_createRenderWindow "Project 2", 0x0 windowed  miscParams: externalWindowHandle=0 parentWindowHandle=0 
18:34:09: Created Win32Window 'Project 2' : 16x38, 32bpp
18:34:09: GL_VERSION = 4.1.10600 Compatibility Profile Context
18:34:09: GL_VENDOR = ATI Technologies Inc.
18:34:09: GL_RENDERER = ATI Radeon HD 5800 Series
18:34:10: GL_EXTENSIONS = GL_AMDX_debug_output GL_AMDX_vertex_shader_tessellator GL_AMD_conservative_depth GL_AMD_debug_output GL_AMD_depth_clamp_separate GL_AMD_draw_buffers_blend GL_AMD_name_gen_delete GL_AMD_performance_monitor GL_AMD_sample_positions GL_AMD_seamless_cubemap_per_texture GL_AMD_shader_stencil_export GL_AMD_shader_trace GL_AMD_texture_cube_map_array GL_AMD_texture_texture4 GL_AMD_transform_feedback3_lines_triangles GL_AMD_vertex_shader_tessellator GL_ARB_ES2_compatibility GL_ARB_blend_func_extended GL_ARB_color_buffer_float GL_ARB_copy_buffer GL_ARB_depth_buffer_float GL_ARB_depth_clamp GL_ARB_depth_texture GL_ARB_draw_buffers GL_ARB_draw_buffers_blend GL_ARB_draw_elements_base_vertex GL_ARB_draw_indirect GL_ARB_draw_instanced GL_ARB_explicit_attrib_location GL_ARB_fragment_coord_conventions GL_ARB_fragment_program GL_ARB_fragment_program_shadow GL_ARB_fragment_shader GL_ARB_framebuffer_object GL_ARB_framebuffer_sRGB GL_ARB_geometry_shader4 GL_ARB_get_program_binary GL_ARB_gpu_shader5 GL_ARB_gpu_shader_fp64 GL_ARB_half_float_pixel GL_ARB_half_float_vertex GL_ARB_imaging GL_ARB_instanced_arrays GL_ARB_map_buffer_range GL_ARB_multisample GL_ARB_multitexture GL_ARB_occlusion_query GL_ARB_occlusion_query2 GL_ARB_pixel_buffer_object GL_ARB_point_parameters GL_ARB_point_sprite GL_ARB_provoking_vertex GL_ARB_sample_shading GL_ARB_sampler_objects GL_ARB_seamless_cube_map GL_ARB_separate_shader_objects GL_ARB_shader_bit_encoding GL_ARB_shader_objects GL_ARB_shader_precision GL_ARB_shader_stencil_export GL_ARB_shader_subroutine GL_ARB_shader_texture_lod GL_ARB_shading_language_100 GL_ARB_shadow GL_ARB_shadow_ambient GL_ARB_sync GL_ARB_tessellation_shader GL_ARB_texture_border_clamp GL_ARB_texture_buffer_object GL_ARB_texture_buffer_object_rgb32 GL_ARB_texture_compression GL_ARB_texture_compression_bptc GL_ARB_texture_compression_rgtc GL_ARB_texture_cube_map GL_ARB_texture_cube_map_array GL_ARB_texture_env_add GL_ARB_texture_env_combine GL_ARB_texture_env_crossbar GL_ARB_texture_env_dot3 GL_ARB_texture_float GL_ARB_texture_gather GL_ARB_texture_mirrored_repeat GL_ARB_texture_multisample GL_ARB_texture_non_power_of_two GL_ARB_texture_query_lod GL_ARB_texture_rectangle GL_ARB_texture_rg GL_ARB_texture_rgb10_a2ui GL_ARB_texture_snorm GL_ARB_timer_query GL_ARB_transform_feedback2 GL_ARB_transform_feedback3 GL_ARB_transpose_matrix GL_ARB_uniform_buffer_object GL_ARB_vertex_array_bgra GL_ARB_vertex_array_object GL_ARB_vertex_attrib_64bit GL_ARB_vertex_buffer_object GL_ARB_vertex_program GL_ARB_vertex_shader GL_ARB_vertex_type_2_10_10_10_rev GL_ARB_viewport_array GL_ARB_window_pos GL_ATI_draw_buffers GL_ATI_envmap_bumpmap GL_ATI_fragment_shader GL_ATI_meminfo GL_ATI_separate_stencil GL_ATI_texture_compression_3dc GL_ATI_texture_env_combine3 GL_ATI_texture_float GL_ATI_texture_mirror_once GL_EXT_abgr GL_EXT_bgra GL_EXT_bindable_uniform GL_EXT_blend_color GL_EXT_blend_equation_separate GL_EXT_blend_func_separate GL_EXT_blend_minmax GL_EXT_blend_subtract GL_EXT_compiled_vertex_array GL_EXT_copy_buffer GL_EXT_copy_texture GL_EXT_direct_state_access GL_EXT_draw_buffers2 GL_EXT_draw_instanced GL_EXT_draw_range_elements GL_EXT_fog_coord GL_EXT_framebuffer_blit GL_EXT_framebuffer_multisample GL_EXT_framebuffer_object GL_EXT_framebuffer_sRGB GL_EXT_geometry_shader4 GL_EXT_gpu_program_parameters GL_EXT_gpu_shader4 GL_EXT_histogram GL_EXT_multi_draw_arrays GL_EXT_packed_depth_stencil GL_EXT_packed_float GL_EXT_packed_pixels GL_EXT_pixel_buffer_object GL_EXT_point_parameters GL_EXT_provoking_vertex GL_EXT_rescale_normal GL_EXT_secondary_color GL_EXT_separate_specular_color GL_EXT_shader_image_load_store GL_EXT_shadow_funcs GL_EXT_stencil_wrap GL_EXT_subtexture GL_EXT_texgen_reflection GL_EXT_texture3D GL_EXT_texture_array GL_EXT_texture_buffer_object GL_EXT_texture_compression_bptc GL_EXT_texture_compression_latc GL_EXT_texture_compression_rgtc GL_EXT_texture_compression_s3tc GL_EXT_texture_cube_map GL_EXT_texture_edge_clamp GL_EXT_texture_env_add GL_EXT_texture_env_combine GL_EXT_texture_env_dot3 GL_EXT_texture_filter_anisotropic GL_EXT_texture_integer GL_EXT_texture_lod GL_EXT_texture_lod_bias GL_EXT_texture_mirror_clamp GL_EXT_texture_object GL_EXT_texture_rectangle GL_EXT_texture_sRGB GL_EXT_texture_shared_exponent GL_EXT_texture_snorm GL_EXT_texture_swizzle GL_EXT_timer_query GL_EXT_transform_feedback GL_EXT_vertex_array GL_EXT_vertex_array_bgra GL_EXT_vertex_attrib_64bit GL_IBM_texture_mirrored_repeat GL_KTX_buffer_region GL_NV_blend_square GL_NV_conditional_render GL_NV_copy_depth_to_color GL_NV_explicit_multisample GL_NV_float_buffer GL_NV_half_float GL_NV_primitive_restart GL_NV_texgen_reflection GL_NV_texture_barrier GL_SGIS_generate_mipmap GL_SGIS_texture_edge_clamp GL_SGIS_texture_lod GL_SUN_multi_draw_arrays GL_WIN_swap_hint WGL_EXT_swap_control
18:34:10: Supported WGL extensions: WGL_ARB_extensions_string WGL_ARB_pixel_format WGL_ATI_pixel_format_float WGL_ARB_pixel_format_float WGL_ARB_multisample WGL_EXT_swap_control WGL_ARB_pbuffer WGL_ARB_render_texture WGL_ARB_make_current_read WGL_EXT_extensions_string WGL_ARB_buffer_region WGL_EXT_framebuffer_sRGB WGL_ATI_render_texture_rectangle WGL_EXT_pixel_format_packed_float WGL_I3D_genlock WGL_NV_swap_group WGL_ARB_create_context WGL_AMD_gpu_association WGL_AMDX_gpu_association WGL_ARB_create_context_profile WGL_NV_float_buffer
18:34:10: ***************************
18:34:10: *** GL Renderer Started ***
18:34:10: ***************************
18:34:10: Registering ResourceManager for type GpuProgram
18:34:10: GLSL support detected
18:34:10: GL: Using GL_EXT_framebuffer_object for rendering to textures (best)
18:34:10: FBO PF_UNKNOWN depth/stencil support: D0S1 D0S4 D0S8 D0S16 D16S0 D24S0 D32S0 Packed-D24S8 
18:34:10: FBO PF_L8 depth/stencil support: D0S0 D0S1 D0S4 D0S8 D0S16 D16S0 D24S0 D32S0 Packed-D24S8 
18:34:10: FBO PF_L16 depth/stencil support: D0S0 D0S1 D0S4 D0S8 D0S16 D16S0 D24S0 D32S0 Packed-D24S8 
18:34:10: FBO PF_A8 depth/stencil support: D0S0 D0S1 D0S4 D0S8 D0S16 D16S0 D24S0 D32S0 Packed-D24S8 
18:34:10: FBO PF_A4L4 depth/stencil support: D0S0 D0S1 D0S4 D0S8 D0S16 D16S0 D24S0 D32S0 Packed-D24S8 
18:34:10: FBO PF_BYTE_LA depth/stencil support: D0S0 D0S1 D0S4 D0S8 D0S16 D16S0 D24S0 D32S0 Packed-D24S8 
18:34:10: FBO PF_R5G6B5 depth/stencil support: D0S0 D0S1 D0S4 D0S8 D0S16 D16S0 D24S0 D32S0 Packed-D24S8 
18:34:10: FBO PF_B5G6R5 depth/stencil support: D0S0 D0S1 D0S4 D0S8 D0S16 D16S0 D24S0 D32S0 Packed-D24S8 
18:34:10: FBO PF_A4R4G4B4 depth/stencil support: D0S0 D0S1 D0S4 D0S8 D0S16 D16S0 D24S0 D32S0 Packed-D24S8 
18:34:10: FBO PF_A1R5G5B5 depth/stencil support: D0S0 D0S1 D0S4 D0S8 D0S16 D16S0 D24S0 D32S0 Packed-D24S8 
18:34:10: FBO PF_R8G8B8 depth/stencil support: D0S0 D0S1 D0S4 D0S8 D0S16 D16S0 D24S0 D32S0 Packed-D24S8 
18:34:10: FBO PF_B8G8R8 depth/stencil support: D0S0 D0S1 D0S4 D0S8 D0S16 D16S0 D24S0 D32S0 Packed-D24S8 
18:34:10: FBO PF_A8R8G8B8 depth/stencil support: D0S0 D0S1 D0S4 D0S8 D0S16 D16S0 D24S0 D32S0 Packed-D24S8 
18:34:10: FBO PF_B8G8R8A8 depth/stencil support: D0S0 D0S1 D0S4 D0S8 D0S16 D16S0 D24S0 D32S0 Packed-D24S8 
18:34:10: FBO PF_A2R10G10B10 depth/stencil support: D0S0 D0S1 D0S4 D0S8 D0S16 D16S0 D24S0 D32S0 Packed-D24S8 
18:34:10: FBO PF_A2B10G10R10 depth/stencil support: D0S0 D0S1 D0S4 D0S8 D0S16 D16S0 D24S0 D32S0 Packed-D24S8 
18:34:10: FBO PF_FLOAT16_RGB depth/stencil support: D0S0 D0S1 D0S4 D0S8 D0S16 D16S0 D24S0 D32S0 Packed-D24S8 
18:34:10: FBO PF_FLOAT16_RGBA depth/stencil support: D0S0 D0S1 D0S4 D0S8 D0S16 D16S0 D24S0 D32S0 Packed-D24S8 
18:34:10: FBO PF_FLOAT32_RGB depth/stencil support: D0S0 D0S1 D0S4 D0S8 D0S16 D16S0 D24S0 D32S0 Packed-D24S8 
18:34:10: FBO PF_FLOAT32_RGBA depth/stencil support: D0S0 D0S1 D0S4 D0S8 D0S16 D16S0 D24S0 D32S0 Packed-D24S8 
18:34:10: FBO PF_X8R8G8B8 depth/stencil support: D0S0 D0S1 D0S4 D0S8 D0S16 D16S0 D24S0 D32S0 Packed-D24S8 
18:34:10: FBO PF_X8B8G8R8 depth/stencil support: D0S0 D0S1 D0S4 D0S8 D0S16 D16S0 D24S0 D32S0 Packed-D24S8 
18:34:10: FBO PF_SHORT_RGBA depth/stencil support: D0S0 D0S1 D0S4 D0S8 D0S16 D16S0 D24S0 D32S0 Packed-D24S8 
18:34:10: FBO PF_R3G3B2 depth/stencil support: D0S0 D0S1 D0S4 D0S8 D0S16 D16S0 D24S0 D32S0 Packed-D24S8 
18:34:11: FBO PF_FLOAT16_R depth/stencil support: D0S0 D0S1 D0S4 D0S8 D0S16 D16S0 D24S0 D32S0 Packed-D24S8 
18:34:11: FBO PF_FLOAT32_R depth/stencil support: D0S0 D0S1 D0S4 D0S8 D0S16 D16S0 D24S0 D32S0 Packed-D24S8 
18:34:11: FBO PF_SHORT_GR depth/stencil support: D0S0 D0S1 D0S4 D0S8 D0S16 D16S0 D24S0 D32S0 Packed-D24S8 
18:34:11: FBO PF_FLOAT16_GR depth/stencil support: D0S0 D0S1 D0S4 D0S8 D0S16 D16S0 D24S0 D32S0 Packed-D24S8 
18:34:11: FBO PF_FLOAT32_GR depth/stencil support: D0S0 D0S1 D0S4 D0S8 D0S16 D16S0 D24S0 D32S0 Packed-D24S8 
18:34:11: FBO PF_SHORT_RGB depth/stencil support: D0S0 D0S1 D0S4 D0S8 D0S16 D16S0 D24S0 D32S0 Packed-D24S8 
18:34:11: [GL] : Valid FBO targets PF_UNKNOWN PF_L8 PF_L16 PF_A8 PF_A4L4 PF_BYTE_LA PF_R5G6B5 PF_B5G6R5 PF_A4R4G4B4 PF_A1R5G5B5 PF_R8G8B8 PF_B8G8R8 PF_A8R8G8B8 PF_B8G8R8A8 PF_A2R10G10B10 PF_A2B10G10R10 PF_FLOAT16_RGB PF_FLOAT16_RGBA PF_FLOAT32_RGB PF_FLOAT32_RGBA PF_X8R8G8B8 PF_X8B8G8R8 PF_SHORT_RGBA PF_R3G3B2 PF_FLOAT16_R PF_FLOAT32_R PF_SHORT_GR PF_FLOAT16_GR PF_FLOAT32_GR PF_SHORT_RGB 
18:34:11: RenderSystem capabilities
18:34:11: -------------------------
18:34:11: RenderSystem Name: OpenGL Rendering Subsystem
18:34:11: GPU Vendor: ati
18:34:11: Device Name: ATI Radeon HD 5800 Series
18:34:11: Driver Version: 4.1.10600.0
18:34:11:  * Fixed function pipeline: yes
18:34:11:  * Hardware generation of mipmaps: yes
18:34:11:  * Texture blending: yes
18:34:11:  * Anisotropic texture filtering: yes
18:34:11:  * Dot product texture operation: yes
18:34:11:  * Cube mapping: yes
18:34:11:  * Hardware stencil buffer: yes
18:34:11:    - Stencil depth: 8
18:34:11:    - Two sided stencil support: yes
18:34:11:    - Wrap stencil values: yes
18:34:11:  * Hardware vertex / index buffers: yes
18:34:11:  * Vertex programs: yes
18:34:11:  * Number of floating-point constants for vertex programs: 256
18:34:11:  * Number of integer constants for vertex programs: 0
18:34:11:  * Number of boolean constants for vertex programs: 0
18:34:11:  * Fragment programs: yes
18:34:11:  * Number of floating-point constants for fragment programs: 256
18:34:11:  * Number of integer constants for fragment programs: 0
18:34:11:  * Number of boolean constants for fragment programs: 0
18:34:11:  * Geometry programs: yes
18:34:11:  * Number of floating-point constants for geometry programs: 256
18:34:11:  * Number of integer constants for geometry programs: 0
18:34:11:  * Number of boolean constants for geometry programs: 0
18:34:11:  * Supported Shader Profiles: arbfp1 arbvp1 glsl gp4gp gpu_gp nvgp4 ps_1_1 ps_1_2 ps_1_3 ps_1_4
18:34:11:  * Texture Compression: yes
18:34:11:    - DXT: yes
18:34:11:    - VTC: no
18:34:11:    - PVRTC: no
18:34:11:  * Scissor Rectangle: yes
18:34:11:  * Hardware Occlusion Query: yes
18:34:11:  * User clip planes: yes
18:34:11:  * VET_UBYTE4 vertex element type: yes
18:34:11:  * Infinite far plane projection: yes
18:34:11:  * Hardware render-to-texture: yes
18:34:11:  * Floating point textures: yes
18:34:11:  * Non-power-of-two textures: yes
18:34:11:  * Volume textures: yes
18:34:11:  * Multiple Render Targets: 8
18:34:11:    - With different bit depths: yes
18:34:11:  * Point Sprites: yes
18:34:11:  * Extended point parameters: yes
18:34:11:  * Max Point Size: 8192
18:34:11:  * Vertex texture fetch: yes
18:34:11:  * Number of world matrices: 0
18:34:11:  * Number of texture units: 16
18:34:11:  * Stencil buffer depth: 8
18:34:11:  * Number of vertex blend matrices: 0
18:34:11:    - Max vertex textures: 16
18:34:11:    - Vertex textures shared: yes
18:34:11:  * Render to Vertex Buffer : no
18:34:11:  * GL 1.5 without VBO workaround: no
18:34:11:  * Frame Buffer objects: yes
18:34:11:  * Frame Buffer objects (ARB extension): no
18:34:11:  * Frame Buffer objects (ATI extension): no
18:34:11:  * PBuffer support: yes
18:34:11:  * GL 1.5 without HW-occlusion workaround: no
18:34:11: Registering ResourceManager for type Texture
18:34:11: DefaultWorkQueue('Root') initialising on thread 0063E0E8.
18:34:11: DefaultWorkQueue('Root')::WorkerFunc - thread 0065BE18 starting.
18:34:11: DefaultWorkQueue('Root')::WorkerFunc - thread 006613B0 starting.
18:34:11: DefaultWorkQueue('Root')::WorkerFunc - thread 00663FD0 starting.
18:34:11: DefaultWorkQueue('Root')::WorkerFunc - thread 0065C018 starting.
18:34:11: DefaultWorkQueue('Root')::WorkerFunc - thread 0065BE88 starting.
18:34:11: DefaultWorkQueue('Root')::WorkerFunc - thread 0065C4A0 starting.
18:34:11: DefaultWorkQueue('Root')::WorkerFunc - thread 00666988 starting.
18:34:11: DefaultWorkQueue('Root')::WorkerFunc - thread 00669370 starting.
18:34:11: Particle Renderer Type 'billboard' registered
18:34:11: SceneManagerFactory for type 'BspSceneManager' registered.
18:34:11: Registering ResourceManager for type BspLevel
18:34:11: SceneManagerFactory for type 'PCZSceneManager' registered.
18:34:11: MovableObjectFactory for type 'PCZLight' registered.
18:34:11: MovableObjectFactory for type 'Portal' registered.
18:34:11: MovableObjectFactory for type 'AntiPortal' registered.
18:34:11: PCZone Factory Type 'ZoneType_Octree' registered
18:34:11: PCZone Factory Type 'ZoneType_Terrain' registered
18:34:11: SceneManagerFactory for type 'OctreeSceneManager' registered.
18:34:11: SceneManagerFactory for type 'TerrainSceneManager' registered.
18:34:11: Parsing scripts for resource group Autodetect
18:34:11: Finished parsing scripts for resource group Autodetect
18:34:11: Parsing scripts for resource group General
18:34:11: Parsing script Examples.material
18:34:11: Compiler error: reference to a non existing object in Examples.material(253)
18:34:11: OGRE EXCEPTION(6:FileNotFoundException): Cannot locate resource hdr.cg in resource group General or any other group. in ResourceGroupManager::openResource at ..\..\..\..\OgreMain\src\OgreResourceGroupManager.cpp (line 753)
18:34:12: High-level program Examples/MorningSkyBoxHDRfp encountered an error during loading and is thus not supported.
OGRE EXCEPTION(6:FileNotFoundException): Cannot locate resource hdr.cg in resource group General or any other group. in ResourceGroupManager::openResource at ..\..\..\..\OgreMain\src\OgreResourceGroupManager.cpp (line 753)
18:34:12: OGRE EXCEPTION(6:FileNotFoundException): Cannot locate resource hdr.cg in resource group General or any other group. in ResourceGroupManager::openResource at ..\..\..\..\OgreMain\src\OgreResourceGroupManager.cpp (line 753)
18:34:12: High-level program Examples/MorningCubeMapHDRfp encountered an error during loading and is thus not supported.
OGRE EXCEPTION(6:FileNotFoundException): Cannot locate resource hdr.cg in resource group General or any other group. in ResourceGroupManager::openResource at ..\..\..\..\OgreMain\src\OgreResourceGroupManager.cpp (line 753)
18:34:12: Compiler error: reference to a non existing object in Examples.material(772)
18:34:12: Compiler error: reference to a non existing object in Examples.material(784)
18:34:12: OGRE EXCEPTION(6:FileNotFoundException): Cannot locate resource Grass.cg in resource group General or any other group. in ResourceGroupManager::openResource at ..\..\..\..\OgreMain\src\OgreResourceGroupManager.cpp (line 753)
18:34:12: High-level program Examples/GrassWaverVp encountered an error during loading and is thus not supported.
OGRE EXCEPTION(6:FileNotFoundException): Cannot locate resource Grass.cg in resource group General or any other group. in ResourceGroupManager::openResource at ..\..\..\..\OgreMain\src\OgreResourceGroupManager.cpp (line 753)
18:34:12: OGRE EXCEPTION(2:InvalidParametersException): Named constants have not been initialised, perhaps a compile error. in GpuProgramParameters::_findNamedConstantDefinition at ..\..\..\..\OgreMain\src\OgreGpuProgramParams.cpp (line 1423)
18:34:12: Compiler error: invalid parameters in Examples.material(835): setting of constant failed
18:34:12: OGRE EXCEPTION(2:InvalidParametersException): Named constants have not been initialised, perhaps a compile error. in GpuProgramParameters::_findNamedConstantDefinition at ..\..\..\..\OgreMain\src\OgreGpuProgramParams.cpp (line 1423)
18:34:12: Compiler error: invalid parameters in Examples.material(837): setting of constant failed
18:34:12: OGRE EXCEPTION(2:InvalidParametersException): Named constants have not been initialised, perhaps a compile error. in GpuProgramParameters::_findNamedConstantDefinition at ..\..\..\..\OgreMain\src\OgreGpuProgramParams.cpp (line 1423)
18:34:12: Compiler error: invalid parameters in Examples.material(839): setting of constant failed
18:34:12: OGRE EXCEPTION(2:InvalidParametersException): Named constants have not been initialised, perhaps a compile error. in GpuProgramParameters::_findNamedConstantDefinition at ..\..\..\..\OgreMain\src\OgreGpuProgramParams.cpp (line 1423)
18:34:12: Compiler error: invalid parameters in Examples.material(840): setting of constant failed
18:34:12: OGRE EXCEPTION(2:InvalidParametersException): Named constants have not been initialised, perhaps a compile error. in GpuProgramParameters::_findNamedConstantDefinition at ..\..\..\..\OgreMain\src\OgreGpuProgramParams.cpp (line 1423)
18:34:12: Compiler error: invalid parameters in Examples.material(841): setting of constant failed
18:34:12: OGRE EXCEPTION(2:InvalidParametersException): Named constants have not been initialised, perhaps a compile error. in GpuProgramParameters::_findNamedConstantDefinition at ..\..\..\..\OgreMain\src\OgreGpuProgramParams.cpp (line 1423)
18:34:12: Compiler error: invalid parameters in Examples.material(843): setting of constant failed
18:34:12: OGRE EXCEPTION(6:FileNotFoundException): Cannot locate resource Grass.cg in resource group General or any other group. in ResourceGroupManager::openResource at ..\..\..\..\OgreMain\src\OgreResourceGroupManager.cpp (line 753)
18:34:12: High-level program Examples/GrassWaverTexVp encountered an error during loading and is thus not supported.
OGRE EXCEPTION(6:FileNotFoundException): Cannot locate resource Grass.cg in resource group General or any other group. in ResourceGroupManager::openResource at ..\..\..\..\OgreMain\src\OgreResourceGroupManager.cpp (line 753)
18:34:12: OGRE EXCEPTION(2:InvalidParametersException): Named constants have not been initialised, perhaps a compile error. in GpuProgramParameters::_findNamedConstantDefinition at ..\..\..\..\OgreMain\src\OgreGpuProgramParams.cpp (line 1423)
18:34:12: Compiler error: invalid parameters in Examples.material(855): setting of constant failed
18:34:12: OGRE EXCEPTION(2:InvalidParametersException): Named constants have not been initialised, perhaps a compile error. in GpuProgramParameters::_findNamedConstantDefinition at ..\..\..\..\OgreMain\src\OgreGpuProgramParams.cpp (line 1423)
18:34:12: Compiler error: invalid parameters in Examples.material(856): setting of constant failed
18:34:12: OGRE EXCEPTION(6:FileNotFoundException): Cannot locate resource Grass.cg in resource group General or any other group. in ResourceGroupManager::openResource at ..\..\..\..\OgreMain\src\OgreResourceGroupManager.cpp (line 753)
18:34:12: High-level program Examples/GrassWaverAmbientVp encountered an error during loading and is thus not supported.
OGRE EXCEPTION(6:FileNotFoundException): Cannot locate resource Grass.cg in resource group General or any other group. in ResourceGroupManager::openResource at ..\..\..\..\OgreMain\src\OgreResourceGroupManager.cpp (line 753)
18:34:12: OGRE EXCEPTION(2:InvalidParametersException): Named constants have not been initialised, perhaps a compile error. in GpuProgramParameters::_findNamedConstantDefinition at ..\..\..\..\OgreMain\src\OgreGpuProgramParams.cpp (line 1423)
18:34:12: Compiler error: invalid parameters in Examples.material(867): setting of constant failed
18:34:12: OGRE EXCEPTION(2:InvalidParametersException): Named constants have not been initialised, perhaps a compile error. in GpuProgramParameters::_findNamedConstantDefinition at ..\..\..\..\OgreMain\src\OgreGpuProgramParams.cpp (line 1423)
18:34:12: Compiler error: invalid parameters in Examples.material(868): setting of constant failed
18:34:12: OGRE EXCEPTION(2:InvalidParametersException): Named constants have not been initialised, perhaps a compile error. in GpuProgramParameters::_findNamedConstantDefinition at ..\..\..\..\OgreMain\src\OgreGpuProgramParams.cpp (line 1423)
18:34:12: Compiler error: invalid parameters in Examples.material(869): setting of constant failed
18:34:12: OGRE EXCEPTION(6:FileNotFoundException): Cannot locate resource Grass.cg in resource group General or any other group. in ResourceGroupManager::openResource at ..\..\..\..\OgreMain\src\OgreResourceGroupManager.cpp (line 753)
18:34:12: High-level program Examples/GrassWaverAmbientFp encountered an error during loading and is thus not supported.
OGRE EXCEPTION(6:FileNotFoundException): Cannot locate resource Grass.cg in resource group General or any other group. in ResourceGroupManager::openResource at ..\..\..\..\OgreMain\src\OgreResourceGroupManager.cpp (line 753)
18:34:12: OGRE EXCEPTION(6:FileNotFoundException): Cannot locate resource Grass.cg in resource group General or any other group. in ResourceGroupManager::openResource at ..\..\..\..\OgreMain\src\OgreResourceGroupManager.cpp (line 753)
18:34:12: High-level program Examples/GrassWaverFp encountered an error during loading and is thus not supported.
OGRE EXCEPTION(6:FileNotFoundException): Cannot locate resource Grass.cg in resource group General or any other group. in ResourceGroupManager::openResource at ..\..\..\..\OgreMain\src\OgreResourceGroupManager.cpp (line 753)
18:34:12: OGRE EXCEPTION(6:FileNotFoundException): Cannot locate resource Grass.cg in resource group General or any other group. in ResourceGroupManager::openResource at ..\..\..\..\OgreMain\src\OgreResourceGroupManager.cpp (line 753)
18:34:12: High-level program Examples/GrassWaverCasterVp encountered an error during loading and is thus not supported.
OGRE EXCEPTION(6:FileNotFoundException): Cannot locate resource Grass.cg in resource group General or any other group. in ResourceGroupManager::openResource at ..\..\..\..\OgreMain\src\OgreResourceGroupManager.cpp (line 753)
18:34:12: OGRE EXCEPTION(2:InvalidParametersException): Named constants have not been initialised, perhaps a compile error. in GpuProgramParameters::_findNamedConstantDefinition at ..\..\..\..\OgreMain\src\OgreGpuProgramParams.cpp (line 1423)
18:34:12: Compiler error: invalid parameters in Examples.material(899): setting of constant failed
18:34:12: OGRE EXCEPTION(2:InvalidParametersException): Named constants have not been initialised, perhaps a compile error. in GpuProgramParameters::_findNamedConstantDefinition at ..\..\..\..\OgreMain\src\OgreGpuProgramParams.cpp (line 1423)
18:34:12: Compiler error: invalid parameters in Examples.material(900): setting of constant failed
18:34:12: OGRE EXCEPTION(2:InvalidParametersException): Named constants have not been initialised, perhaps a compile error. in GpuProgramParameters::_findNamedConstantDefinition at ..\..\..\..\OgreMain\src\OgreGpuProgramParams.cpp (line 1423)
18:34:12: Compiler error: invalid parameters in Examples.material(901): setting of constant failed
18:34:12: OGRE EXCEPTION(6:FileNotFoundException): Cannot locate resource Grass.cg in resource group General or any other group. in ResourceGroupManager::openResource at ..\..\..\..\OgreMain\src\OgreResourceGroupManager.cpp (line 753)
18:34:12: High-level program Examples/GrassWaverCasterFp encountered an error during loading and is thus not supported.
OGRE EXCEPTION(6:FileNotFoundException): Cannot locate resource Grass.cg in resource group General or any other group. in ResourceGroupManager::openResource at ..\..\..\..\OgreMain\src\OgreResourceGroupManager.cpp (line 753)
18:34:12: OGRE EXCEPTION(6:FileNotFoundException): Cannot locate resource Grass.cg in resource group General or any other group. in ResourceGroupManager::openResource at ..\..\..\..\OgreMain\src\OgreResourceGroupManager.cpp (line 753)
18:34:12: High-level program Examples/GrassWaverReceiverVp encountered an error during loading and is thus not supported.
OGRE EXCEPTION(6:FileNotFoundException): Cannot locate resource Grass.cg in resource group General or any other group. in ResourceGroupManager::openResource at ..\..\..\..\OgreMain\src\OgreResourceGroupManager.cpp (line 753)
18:34:12: OGRE EXCEPTION(2:InvalidParametersException): Named constants have not been initialised, perhaps a compile error. in GpuProgramParameters::_findNamedConstantDefinition at ..\..\..\..\OgreMain\src\OgreGpuProgramParams.cpp (line 1423)
18:34:12: Compiler error: invalid parameters in Examples.material(922): setting of constant failed
18:34:12: OGRE EXCEPTION(2:InvalidParametersException): Named constants have not been initialised, perhaps a compile error. in GpuProgramParameters::_findNamedConstantDefinition at ..\..\..\..\OgreMain\src\OgreGpuProgramParams.cpp (line 1423)
18:34:12: Compiler error: invalid parameters in Examples.material(923): setting of constant failed
18:34:12: OGRE EXCEPTION(2:InvalidParametersException): Named constants have not been initialised, perhaps a compile error. in GpuProgramParameters::_findNamedConstantDefinition at ..\..\..\..\OgreMain\src\OgreGpuProgramParams.cpp (line 1423)
18:34:12: Compiler error: invalid parameters in Examples.material(924): setting of constant failed
18:34:12: OGRE EXCEPTION(2:InvalidParametersException): Named constants have not been initialised, perhaps a compile error. in GpuProgramParameters::_findNamedConstantDefinition at ..\..\..\..\OgreMain\src\OgreGpuProgramParams.cpp (line 1423)
18:34:12: Compiler error: invalid parameters in Examples.material(926): setting of constant failed
18:34:12: OGRE EXCEPTION(2:InvalidParametersException): Named constants have not been initialised, perhaps a compile error. in GpuProgramParameters::_findNamedConstantDefinition at ..\..\..\..\OgreMain\src\OgreGpuProgramParams.cpp (line 1423)
18:34:12: Compiler error: invalid parameters in Examples.material(928): setting of constant failed
18:34:12: OGRE EXCEPTION(2:InvalidParametersException): Named constants have not been initialised, perhaps a compile error. in GpuProgramParameters::_findNamedConstantDefinition at ..\..\..\..\OgreMain\src\OgreGpuProgramParams.cpp (line 1423)
18:34:12: Compiler error: invalid parameters in Examples.material(929): setting of constant failed
18:34:12: OGRE EXCEPTION(2:InvalidParametersException): Named constants have not been initialised, perhaps a compile error. in GpuProgramParameters::_findNamedConstantDefinition at ..\..\..\..\OgreMain\src\OgreGpuProgramParams.cpp (line 1423)
18:34:12: Compiler error: invalid parameters in Examples.material(931): setting of constant failed
18:34:12: OGRE EXCEPTION(6:FileNotFoundException): Cannot locate resource Grass.cg in resource group General or any other group. in ResourceGroupManager::openResource at ..\..\..\..\OgreMain\src\OgreResourceGroupManager.cpp (line 753)
18:34:12: High-level program Examples/GrassWaverReceiverFp encountered an error during loading and is thus not supported.
OGRE EXCEPTION(6:FileNotFoundException): Cannot locate resource Grass.cg in resource group General or any other group. in ResourceGroupManager::openResource at ..\..\..\..\OgreMain\src\OgreResourceGroupManager.cpp (line 753)
18:34:12: OGRE EXCEPTION(2:InvalidParametersException): Named constants have not been initialised, perhaps a compile error. in GpuProgramParameters::_findNamedConstantDefinition at ..\..\..\..\OgreMain\src\OgreGpuProgramParams.cpp (line 1423)
18:34:12: Compiler error: invalid parameters in Examples.material(945): setting of constant failed
18:34:12: OGRE EXCEPTION(2:InvalidParametersException): Named constants have not been initialised, perhaps a compile error. in GpuProgramParameters::_findNamedConstantDefinition at ..\..\..\..\OgreMain\src\OgreGpuProgramParams.cpp (line 1423)
18:34:13: Compiler error: invalid parameters in Examples.material(946): setting of constant failed
18:34:13: OGRE EXCEPTION(2:InvalidParametersException): Named constants have not been initialised, perhaps a compile error. in GpuProgramParameters::_findNamedConstantDefinition at ..\..\..\..\OgreMain\src\OgreGpuProgramParams.cpp (line 1423)
18:34:13: Compiler error: invalid parameters in Examples.material(947): setting of constant failed
18:34:13: Compiler error: reference to a non existing object in Examples.material(1281)
18:34:13: Compiler error: reference to a non existing object in Examples.material(1473)
18:34:13: Compiler error: reference to a non existing object in Examples.material(1508)
18:34:13: Compiler error: reference to a non existing object in Examples.material(1617)
18:34:13: Compiler error: reference to a non existing object in Examples.material(1622)
18:34:13: OGRE EXCEPTION(6:FileNotFoundException): Cannot locate resource Example_Basic.cg in resource group General or any other group. in ResourceGroupManager::openResource at ..\..\..\..\OgreMain\src\OgreResourceGroupManager.cpp (line 753)
18:34:13: High-level program Examples/ShowTangents_v encountered an error during loading and is thus not supported.
OGRE EXCEPTION(6:FileNotFoundException): Cannot locate resource Example_Basic.cg in resource group General or any other group. in ResourceGroupManager::openResource at ..\..\..\..\OgreMain\src\OgreResourceGroupManager.cpp (line 753)
18:34:13: OGRE EXCEPTION(2:InvalidParametersException): Named constants have not been initialised, perhaps a compile error. in GpuProgramParameters::_findNamedConstantDefinition at ..\..\..\..\OgreMain\src\OgreGpuProgramParams.cpp (line 1423)
18:34:13: Compiler error: invalid parameters in Examples.material(1696): setting of constant failed
18:34:13: OGRE EXCEPTION(6:FileNotFoundException): Cannot locate resource Example_Basic.cg in resource group General or any other group. in ResourceGroupManager::openResource at ..\..\..\..\OgreMain\src\OgreResourceGroupManager.cpp (line 753)
18:34:13: High-level program Examples/ShowNormals_v encountered an error during loading and is thus not supported.
OGRE EXCEPTION(6:FileNotFoundException): Cannot locate resource Example_Basic.cg in resource group General or any other group. in ResourceGroupManager::openResource at ..\..\..\..\OgreMain\src\OgreResourceGroupManager.cpp (line 753)
18:34:13: OGRE EXCEPTION(2:InvalidParametersException): Named constants have not been initialised, perhaps a compile error. in GpuProgramParameters::_findNamedConstantDefinition at ..\..\..\..\OgreMain\src\OgreGpuProgramParams.cpp (line 1423)
18:34:13: Compiler error: invalid parameters in Examples.material(1706): setting of constant failed
18:34:13: Compiler error: reference to a non existing object in Examples.material(1716)
18:34:13: OGRE EXCEPTION(6:FileNotFoundException): Cannot locate resource Example_Basic.cg in resource group General or any other group. in ResourceGroupManager::openResource at ..\..\..\..\OgreMain\src\OgreResourceGroupManager.cpp (line 753)
18:34:13: High-level program Examples/ShowUV_p encountered an error during loading and is thus not supported.
OGRE EXCEPTION(6:FileNotFoundException): Cannot locate resource Example_Basic.cg in resource group General or any other group. in ResourceGroupManager::openResource at ..\..\..\..\OgreMain\src\OgreResourceGroupManager.cpp (line 753)
18:34:13: OGRE EXCEPTION(6:FileNotFoundException): Cannot locate resource Example_Basic.cg in resource group General or any other group. in ResourceGroupManager::openResource at ..\..\..\..\OgreMain\src\OgreResourceGroupManager.cpp (line 753)
18:34:13: High-level program Examples/ShowUVdir3D encountered an error during loading and is thus not supported.
OGRE EXCEPTION(6:FileNotFoundException): Cannot locate resource Example_Basic.cg in resource group General or any other group. in ResourceGroupManager::openResource at ..\..\..\..\OgreMain\src\OgreResourceGroupManager.cpp (line 753)
18:34:13: Parsing script Materials.material
18:34:13: Parsing script PE_materials.material
18:34:13: Parsing script Saxon1.material
18:34:13: Parsing script Saxon2_1.material
18:34:13: Parsing script Saxon2_2.material
18:34:13: Parsing script Saxon2_3.material
18:34:13: Parsing script Saxon2_4.material
18:34:13: Parsing script Saxon3.material
18:34:13: Parsing script Saxon4.material
18:34:13: Parsing script Argus.material
18:34:13: Parsing script Examples.particle
18:34:14: Parsing script ForceField.particle
18:34:14: Parsing script PE_templates_1.particle
18:34:14: Parsing script test.particle
18:34:14: Parsing script Warp.particle
18:34:14: Parsing script bluehigh.fontdef
18:34:14: Finished parsing scripts for resource group General
18:34:14: Parsing scripts for resource group Internal
18:34:14: Finished parsing scripts for resource group Internal
18:34:14: Texture: Stars.jpg: Loading 1 faces(PF_R8G8B8,4000x2000x1) with 11 hardware generated mipmaps from Image. Internal format is PF_X8R8G8B8,4000x2000x1.
18:34:14: Mesh: Loading Argus.mesh.
18:34:15: Texture: 1299130173_4_Metal_Aluminum_Anodized.jpg: Loading 1 faces(PF_R8G8B8,256x256x1) with 8 hardware generated mipmaps from Image. Internal format is PF_X8R8G8B8,256x256x1.
18:34:15: Texture: 1299130173_3_Metal_Rusted.jpg: Loading 1 faces(PF_R8G8B8,256x256x1) with 8 hardware generated mipmaps from Image. Internal format is PF_X8R8G8B8,256x256x1.
18:34:15: Texture: 1299130173_5_Metal_Seamed.jpg: Loading 1 faces(PF_R8G8B8,128x128x1) with 7 hardware generated mipmaps from Image. Internal format is PF_X8R8G8B8,128x128x1.
18:34:15: Texture: 1299130173_1_Metal_Panel.jpg: Loading 1 faces(PF_R8G8B8,128x128x1) with 7 hardware generated mipmaps from Image. Internal format is PF_X8R8G8B8,128x128x1.
18:34:15: Texture: 1299130173_2_Metal_Steel_Textured.jpg: Loading 1 faces(PF_R8G8B8,256x256x1) with 8 hardware generated mipmaps from Image. Internal format is PF_X8R8G8B8,256x256x1.
18:34:15: Mesh: Loading Saxon1.mesh.
18:34:16: Texture: 1299089311_1_Metal_Aluminum_Anodized.jpg: Loading 1 faces(PF_R8G8B8,256x256x1) with 8 hardware generated mipmaps from Image. Internal format is PF_X8R8G8B8,256x256x1.
18:34:16: Texture: 1299089311_2_Fencing_Diamond_Mesh.png: Loading 1 faces(PF_A8R8G8B8,117x56x1) with 6 hardware generated mipmaps from Image. Internal format is PF_A8R8G8B8,117x56x1.
18:34:16: Mesh: Loading Saxon2_1.mesh.
18:34:16: Texture: 1299105700_2_Metal_Seamed.jpg: Loading 1 faces(PF_R8G8B8,128x128x1) with 7 hardware generated mipmaps from Image. Internal format is PF_X8R8G8B8,128x128x1.
18:34:16: Texture: 1299105700_3_Metal_Aluminum_Anodized.jpg: Loading 1 faces(PF_R8G8B8,256x256x1) with 8 hardware generated mipmaps from Image. Internal format is PF_X8R8G8B8,256x256x1.
18:34:16: Texture: 1299105700_1_Metal_Rusted.jpg: Loading 1 faces(PF_R8G8B8,256x256x1) with 8 hardware generated mipmaps from Image. Internal format is PF_X8R8G8B8,256x256x1.
18:34:16: Texture: 1299105700_4_Metal_Panel.jpg: Loading 1 faces(PF_R8G8B8,128x128x1) with 7 hardware generated mipmaps from Image. Internal format is PF_X8R8G8B8,128x128x1.
18:34:16: Texture: 1299105700_5_Metal_Steel_Textured.jpg: Loading 1 faces(PF_R8G8B8,256x256x1) with 8 hardware generated mipmaps from Image. Internal format is PF_X8R8G8B8,256x256x1.
18:34:16: Mesh: Loading Saxon2_2.mesh.
18:34:17: Texture: 1299106248_3_Metal_Steel_Textured.jpg: Loading 1 faces(PF_R8G8B8,256x256x1) with 8 hardware generated mipmaps from Image. Internal format is PF_X8R8G8B8,256x256x1.
18:34:17: Texture: 1299106248_2_Fencing_Diamond_Mesh.png: Loading 1 faces(PF_A8R8G8B8,117x56x1) with 6 hardware generated mipmaps from Image. Internal format is PF_A8R8G8B8,117x56x1.
18:34:17: Texture: 1299106248_4_Metal_Rusted.jpg: Loading 1 faces(PF_R8G8B8,256x256x1) with 8 hardware generated mipmaps from Image. Internal format is PF_X8R8G8B8,256x256x1.
18:34:17: Texture: 1299106248_5_Metal_Seamed.jpg: Loading 1 faces(PF_R8G8B8,128x128x1) with 7 hardware generated mipmaps from Image. Internal format is PF_X8R8G8B8,128x128x1.
18:34:17: Texture: 1299106248_1_Metal_Aluminum_Anodized.jpg: Loading 1 faces(PF_R8G8B8,256x256x1) with 8 hardware generated mipmaps from Image. Internal format is PF_X8R8G8B8,256x256x1.
18:34:17: Mesh: Loading Saxon2_3.mesh.
18:34:18: Texture: 1299106588_2_Metal_Steel_Textured.jpg: Loading 1 faces(PF_R8G8B8,256x256x1) with 8 hardware generated mipmaps from Image. Internal format is PF_X8R8G8B8,256x256x1.
18:34:18: Texture: 1299106588_3_Metal_Aluminum_Anodized.jpg: Loading 1 faces(PF_R8G8B8,256x256x1) with 8 hardware generated mipmaps from Image. Internal format is PF_X8R8G8B8,256x256x1.
18:34:18: Texture: 1299106588_1_Metal_Seamed.jpg: Loading 1 faces(PF_R8G8B8,128x128x1) with 7 hardware generated mipmaps from Image. Internal format is PF_X8R8G8B8,128x128x1.
18:34:18: Mesh: Loading Saxon2_4.mesh.
18:34:19: Texture: 1299169858_8_Translucent_Glass_Tinted.jpg: Loading 1 faces(PF_R8G8B8,144x144x1) with 7 hardware generated mipmaps from Image. Internal format is PF_X8R8G8B8,144x144x1.
18:34:19: Texture: 1299169858_6_Vegetation_Grass_Artificial.jpg: Loading 1 faces(PF_R8G8B8,256x256x1) with 8 hardware generated mipmaps from Image. Internal format is PF_X8R8G8B8,256x256x1.
18:34:19: Texture: 1299169858_10_Metal_Aluminum_Anodized.jpg: Loading 1 faces(PF_R8G8B8,256x256x1) with 8 hardware generated mipmaps from Image. Internal format is PF_X8R8G8B8,256x256x1.
18:34:19: Texture: 1299169858_7_Wood_Floor_Dark.jpg: Loading 1 faces(PF_R8G8B8,256x256x1) with 8 hardware generated mipmaps from Image. Internal format is PF_X8R8G8B8,256x256x1.
18:34:19: Texture: 1299169858_3_Wood_Bamboo_Medium.jpg: Loading 1 faces(PF_R8G8B8,256x256x1) with 8 hardware generated mipmaps from Image. Internal format is PF_X8R8G8B8,256x256x1.
18:34:19: Texture: 1299169858_4_Stone_Pavers_Flagstone_Gray.jpg: Loading 1 faces(PF_R8G8B8,384x512x1) with 9 hardware generated mipmaps from Image. Internal format is PF_X8R8G8B8,384x512x1.
18:34:19: Texture: 1299169858_9_Carpet_Berber_Pattern_Gray.jpg: Loading 1 faces(PF_R8G8B8,256x256x1) with 8 hardware generated mipmaps from Image. Internal format is PF_X8R8G8B8,256x256x1.
18:34:19: Texture: 1299169858_1_Translucent_Glass_Tinted.jpg: Loading 1 faces(PF_R8G8B8,144x144x1) with 7 hardware generated mipmaps from Image. Internal format is PF_X8R8G8B8,144x144x1.
18:34:19: Texture: 1299169858_2_Metal_Rusted.jpg: Loading 1 faces(PF_R8G8B8,256x256x1) with 8 hardware generated mipmaps from Image. Internal format is PF_X8R8G8B8,256x256x1.
18:34:19: Texture: 1299169858_5_Fencing_Diamond_Mesh.png: Loading 1 faces(PF_A8R8G8B8,117x56x1) with 6 hardware generated mipmaps from Image. Internal format is PF_A8R8G8B8,117x56x1.
18:34:19: Mesh: Loading Saxon3.mesh.
18:34:19: Texture: 1299089683_5_Metal_Seamed.jpg: Loading 1 faces(PF_R8G8B8,128x128x1) with 7 hardware generated mipmaps from Image. Internal format is PF_X8R8G8B8,128x128x1.
18:34:19: Texture: 1299089683_2_Metal_Rough.jpg: Loading 1 faces(PF_R8G8B8,128x128x1) with 7 hardware generated mipmaps from Image. Internal format is PF_X8R8G8B8,128x128x1.
18:34:19: Texture: 1299089683_7_Fencing_Diamond_Mesh.png: Loading 1 faces(PF_A8R8G8B8,117x56x1) with 6 hardware generated mipmaps from Image. Internal format is PF_A8R8G8B8,117x56x1.
18:34:19: Texture: 1299089683_8_Metal_Panel.jpg: Loading 1 faces(PF_R8G8B8,128x128x1) with 7 hardware generated mipmaps from Image. Internal format is PF_X8R8G8B8,128x128x1.
18:34:19: Texture: 1299089683_9_Metal_Aluminum_Anodized.jpg: Loading 1 faces(PF_R8G8B8,256x256x1) with 8 hardware generated mipmaps from Image. Internal format is PF_X8R8G8B8,256x256x1.
18:34:19: Texture: 1299089683_6_Fencing_Weathered.jpg: Loading 1 faces(PF_R8G8B8,256x256x1) with 8 hardware generated mipmaps from Image. Internal format is PF_X8R8G8B8,256x256x1.
18:34:19: Texture: 1299089683_1_Fencing_Mesh_Blue.png: Loading 1 faces(PF_A8R8G8B8,128x128x1) with 7 hardware generated mipmaps from Image. Internal format is PF_A8R8G8B8,128x128x1.
18:34:19: Texture: 1299089683_3_Fencing_Diamond_Mesh.png: Loading 1 faces(PF_A8R8G8B8,117x56x1) with 6 hardware generated mipmaps from Image. Internal format is PF_A8R8G8B8,117x56x1.
18:34:19: Texture: 1299089683_4_Fencing_Mesh_Blue.png: Loading 1 faces(PF_A8R8G8B8,128x128x1) with 7 hardware generated mipmaps from Image. Internal format is PF_A8R8G8B8,128x128x1.
18:34:19: Texture: 1299089683_10_Metal_Rusted.jpg: Loading 1 faces(PF_R8G8B8,256x256x1) with 8 hardware generated mipmaps from Image. Internal format is PF_X8R8G8B8,256x256x1.
18:34:19: Mesh: Loading Saxon4.mesh.
18:34:20: Texture: 1299089771_1_Metal_Seamed.jpg: Loading 1 faces(PF_R8G8B8,128x128x1) with 7 hardware generated mipmaps from Image. Internal format is PF_X8R8G8B8,128x128x1.
18:34:20: Texture: 1299089771_2_Metal_Aluminum_Anodized.jpg: Loading 1 faces(PF_R8G8B8,256x256x1) with 8 hardware generated mipmaps from Image. Internal format is PF_X8R8G8B8,256x256x1.
18:34:20: Mesh: Loading cargo.mesh.
18:34:20: Texture: cargo.jpg: Loading 1 faces(PF_R8G8B8,780x511x1) with 9 hardware generated mipmaps from Image. Internal format is PF_X8R8G8B8,780x511x1.
18:34:21: Texture: flare.png: Loading 1 faces(PF_R8G8B8,256x256x1) with 8 hardware generated mipmaps from Image. Internal format is PF_X8R8G8B8,256x256x1.
18:34:22: Creating resource group BtOgre
18:34:22: Material mMaterial was requested with isManual=true, but this is not applicable for materials; the flag has been reset to false
18:34:22: Texture: hudbackground2.png: Loading 1 faces(PF_A8R8G8B8,414x192x1) with 8 hardware generated mipmaps from Image. Internal format is PF_A8R8G8B8,414x192x1.
18:34:22: Texture: spot_shadow_fade.png: Loading 1 faces(PF_R8G8B8,128x128x1) with 7 hardware generated mipmaps from Image. Internal format is PF_X8R8G8B8,128x128x1.
18:34:22: Font bluehighusing texture size 1024x1024
18:34:22: Info: Freetype returned null for character 127 in font bluehigh
18:34:22: Info: Freetype returned null for character 128 in font bluehigh
18:34:22: Info: Freetype returned null for character 129 in font bluehigh
18:34:22: Info: Freetype returned null for character 130 in font bluehigh
18:34:22: Info: Freetype returned null for character 131 in font bluehigh
18:34:22: Info: Freetype returned null for character 132 in font bluehigh
18:34:22: Info: Freetype returned null for character 133 in font bluehigh
18:34:22: Info: Freetype returned null for character 134 in font bluehigh
18:34:22: Info: Freetype returned null for character 135 in font bluehigh
18:34:22: Info: Freetype returned null for character 136 in font bluehigh
18:34:22: Info: Freetype returned null for character 137 in font bluehigh
18:34:22: Info: Freetype returned null for character 138 in font bluehigh
18:34:22: Info: Freetype returned null for character 139 in font bluehigh
18:34:22: Info: Freetype returned null for character 140 in font bluehigh
18:34:22: Info: Freetype returned null for character 141 in font bluehigh
18:34:22: Info: Freetype returned null for character 142 in font bluehigh
18:34:22: Info: Freetype returned null for character 143 in font bluehigh
18:34:22: Info: Freetype returned null for character 144 in font bluehigh
18:34:22: Info: Freetype returned null for character 145 in font bluehigh
18:34:22: Info: Freetype returned null for character 146 in font bluehigh
18:34:22: Info: Freetype returned null for character 147 in font bluehigh
18:34:22: Info: Freetype returned null for character 148 in font bluehigh
18:34:22: Info: Freetype returned null for character 149 in font bluehigh
18:34:22: Info: Freetype returned null for character 150 in font bluehigh
18:34:22: Info: Freetype returned null for character 151 in font bluehigh
18:34:22: Info: Freetype returned null for character 152 in font bluehigh
18:34:22: Info: Freetype returned null for character 153 in font bluehigh
18:34:22: Info: Freetype returned null for character 154 in font bluehigh
18:34:22: Info: Freetype returned null for character 155 in font bluehigh
18:34:22: Info: Freetype returned null for character 156 in font bluehigh
18:34:22: Info: Freetype returned null for character 157 in font bluehigh
18:34:22: Info: Freetype returned null for character 158 in font bluehigh
18:34:22: Info: Freetype returned null for character 159 in font bluehigh
18:34:22: Info: Freetype returned null for character 160 in font bluehigh
18:34:22: Info: Freetype returned null for character 170 in font bluehigh
18:34:22: Info: Freetype returned null for character 172 in font bluehigh
18:34:22: Info: Freetype returned null for character 173 in font bluehigh
18:34:22: Info: Freetype returned null for character 177 in font bluehigh
18:34:22: Info: Freetype returned null for character 178 in font bluehigh
18:34:22: Info: Freetype returned null for character 179 in font bluehigh
18:34:22: Info: Freetype returned null for character 182 in font bluehigh
18:34:23: Info: Freetype returned null for character 183 in font bluehigh
18:34:23: Info: Freetype returned null for character 185 in font bluehigh
18:34:23: Info: Freetype returned null for character 186 in font bluehigh
18:34:23: Info: Freetype returned null for character 215 in font bluehigh
18:34:23: Info: Freetype returned null for character 247 in font bluehigh
18:34:23: Texture: bluehighTexture: Loading 1 faces(PF_BYTE_LA,1024x1024x1) with  hardware generated mipmaps from Image. Internal format is PF_BYTE_LA,1024x1024x1.
